<?xml version="1.0" encoding="UTF-8"?>
<testng-results ignored="0" total="1" passed="1" failed="0" skipped="0">
  <reporter-output>
  </reporter-output>
  <suite started-at="2024-09-04T11:56:14 IST" name="Default suite" finished-at="2024-09-04T11:56:19 IST" duration-ms="5253">
    <groups>
    </groups>
    <test started-at="2024-09-04T11:56:14 IST" name="Default test" finished-at="2024-09-04T11:56:19 IST" duration-ms="5253">
      <class name="loginAutomate.Login">
        <test-method is-config="true" signature="loginLaunch()[pri:0, instance:loginAutomate.Login@2d710f1a]" started-at="2024-09-04T11:56:14 IST" name="loginLaunch" finished-at="2024-09-04T11:56:19 IST" duration-ms="4914" status="PASS">
          <reporter-output>
          </reporter-output>
        </test-method> <!-- loginLaunch -->
        <test-method signature="verifyTitle()[pri:0, instance:loginAutomate.Login@2d710f1a]" started-at="2024-09-04T11:56:19 IST" name="verifyTitle" finished-at="2024-09-04T11:56:19 IST" duration-ms="98" status="PASS">
          <reporter-output>
          </reporter-output>
        </test-method> <!-- verifyTitle -->
        <test-method is-config="true" signature="tearDown()[pri:0, instance:loginAutomate.Login@2d710f1a]" started-at="2024-09-04T11:56:19 IST" name="tearDown" finished-at="2024-09-04T11:56:19 IST" duration-ms="204" status="PASS">
          <reporter-output>
          </reporter-output>
        </test-method> <!-- tearDown -->
      </class> <!-- loginAutomate.Login -->
    </test> <!-- Default test -->
  </suite> <!-- Default suite -->
</testng-results>
